<?xml version="1.0" encoding="UTF-8"?>
<testsuite xmlns:xsi="http://www.w3.org/2001/XMLSchema-instance" xsi:noNamespaceSchemaLocation="https://maven.apache.org/surefire/maven-surefire-plugin/xsd/surefire-test-report.xsd" name="self.cases.teams.RedisTest" time="9.877" tests="1" errors="0" skipped="0" failures="0">
  <properties>
    <property name="java.specification.version" value="21"/>
    <property name="sun.cpu.isalist" value="amd64"/>
    <property name="sun.jnu.encoding" value="GBK"/>
    <property name="java.class.path" value="D:\Community_System\target\test-classes;D:\Community_System\target\classes;D:\Moven\apache-maven-3.9.9\repository\org\springframework\boot\spring-boot-starter\2.3.4.RELEASE\spring-boot-starter-2.3.4.RELEASE.jar;D:\Moven\apache-maven-3.9.9\repository\org\springframework\boot\spring-boot\2.3.4.RELEASE\spring-boot-2.3.4.RELEASE.jar;D:\Moven\apache-maven-3.9.9\repository\org\springframework\spring-context\5.2.9.RELEASE\spring-context-5.2.9.RELEASE.jar;D:\Moven\apache-maven-3.9.9\repository\org\springframework\boot\spring-boot-autoconfigure\2.3.4.RELEASE\spring-boot-autoconfigure-2.3.4.RELEASE.jar;D:\Moven\apache-maven-3.9.9\repository\jakarta\annotation\jakarta.annotation-api\1.3.5\jakarta.annotation-api-1.3.5.jar;D:\Moven\apache-maven-3.9.9\repository\org\springframework\spring-core\5.2.9.RELEASE\spring-core-5.2.9.RELEASE.jar;D:\Moven\apache-maven-3.9.9\repository\org\springframework\spring-jcl\5.2.9.RELEASE\spring-jcl-5.2.9.RELEASE.jar;D:\Moven\apache-maven-3.9.9\repository\org\yaml\snakeyaml\1.26\snakeyaml-1.26.jar;D:\Moven\apache-maven-3.9.9\repository\org\springframework\boot\spring-boot-starter-test\2.3.4.RELEASE\spring-boot-starter-test-2.3.4.RELEASE.jar;D:\Moven\apache-maven-3.9.9\repository\org\springframework\boot\spring-boot-test\2.3.4.RELEASE\spring-boot-test-2.3.4.RELEASE.jar;D:\Moven\apache-maven-3.9.9\repository\org\springframework\boot\spring-boot-test-autoconfigure\2.3.4.RELEASE\spring-boot-test-autoconfigure-2.3.4.RELEASE.jar;D:\Moven\apache-maven-3.9.9\repository\com\jayway\jsonpath\json-path\2.4.0\json-path-2.4.0.jar;D:\Moven\apache-maven-3.9.9\repository\net\minidev\json-smart\2.3\json-smart-2.3.jar;D:\Moven\apache-maven-3.9.9\repository\net\minidev\accessors-smart\1.2\accessors-smart-1.2.jar;D:\Moven\apache-maven-3.9.9\repository\org\ow2\asm\asm\5.0.4\asm-5.0.4.jar;D:\Moven\apache-maven-3.9.9\repository\jakarta\xml\bind\jakarta.xml.bind-api\2.3.3\jakarta.xml.bind-api-2.3.3.jar;D:\Moven\apache-maven-3.9.9\repository\jakarta\activation\jakarta.activation-api\1.2.2\jakarta.activation-api-1.2.2.jar;D:\Moven\apache-maven-3.9.9\repository\org\assertj\assertj-core\3.16.1\assertj-core-3.16.1.jar;D:\Moven\apache-maven-3.9.9\repository\org\hamcrest\hamcrest\2.2\hamcrest-2.2.jar;D:\Moven\apache-maven-3.9.9\repository\org\junit\jupiter\junit-jupiter\5.6.2\junit-jupiter-5.6.2.jar;D:\Moven\apache-maven-3.9.9\repository\org\junit\jupiter\junit-jupiter-api\5.6.2\junit-jupiter-api-5.6.2.jar;D:\Moven\apache-maven-3.9.9\repository\org\junit\jupiter\junit-jupiter-params\5.6.2\junit-jupiter-params-5.6.2.jar;D:\Moven\apache-maven-3.9.9\repository\org\junit\jupiter\junit-jupiter-engine\5.6.2\junit-jupiter-engine-5.6.2.jar;D:\Moven\apache-maven-3.9.9\repository\org\junit\vintage\junit-vintage-engine\5.6.2\junit-vintage-engine-5.6.2.jar;D:\Moven\apache-maven-3.9.9\repository\junit\junit\4.13\junit-4.13.jar;D:\Moven\apache-maven-3.9.9\repository\org\mockito\mockito-core\3.3.3\mockito-core-3.3.3.jar;D:\Moven\apache-maven-3.9.9\repository\net\bytebuddy\byte-buddy\1.10.14\byte-buddy-1.10.14.jar;D:\Moven\apache-maven-3.9.9\repository\net\bytebuddy\byte-buddy-agent\1.10.14\byte-buddy-agent-1.10.14.jar;D:\Moven\apache-maven-3.9.9\repository\org\objenesis\objenesis\2.6\objenesis-2.6.jar;D:\Moven\apache-maven-3.9.9\repository\org\mockito\mockito-junit-jupiter\3.3.3\mockito-junit-jupiter-3.3.3.jar;D:\Moven\apache-maven-3.9.9\repository\org\skyscreamer\jsonassert\1.5.0\jsonassert-1.5.0.jar;D:\Moven\apache-maven-3.9.9\repository\com\vaadin\external\google\android-json\0.0.20131108.vaadin1\android-json-0.0.20131108.vaadin1.jar;D:\Moven\apache-maven-3.9.9\repository\org\springframework\spring-test\5.2.9.RELEASE\spring-test-5.2.9.RELEASE.jar;D:\Moven\apache-maven-3.9.9\repository\org\xmlunit\xmlunit-core\2.7.0\xmlunit-core-2.7.0.jar;D:\Moven\apache-maven-3.9.9\repository\org\junit\platform\junit-platform-launcher\1.6.2\junit-platform-launcher-1.6.2.jar;D:\Moven\apache-maven-3.9.9\repository\org\apiguardian\apiguardian-api\1.1.0\apiguardian-api-1.1.0.jar;D:\Moven\apache-maven-3.9.9\repository\org\junit\platform\junit-platform-engine\1.6.2\junit-platform-engine-1.6.2.jar;D:\Moven\apache-maven-3.9.9\repository\org\opentest4j\opentest4j\1.2.0\opentest4j-1.2.0.jar;D:\Moven\apache-maven-3.9.9\repository\org\junit\platform\junit-platform-commons\1.6.2\junit-platform-commons-1.6.2.jar;D:\Moven\apache-maven-3.9.9\repository\com\baomidou\mybatis-plus-boot-starter\3.4.2\mybatis-plus-boot-starter-3.4.2.jar;D:\Moven\apache-maven-3.9.9\repository\com\baomidou\mybatis-plus\3.4.2\mybatis-plus-3.4.2.jar;D:\Moven\apache-maven-3.9.9\repository\com\baomidou\mybatis-plus-extension\3.4.2\mybatis-plus-extension-3.4.2.jar;D:\Moven\apache-maven-3.9.9\repository\com\baomidou\mybatis-plus-core\3.4.2\mybatis-plus-core-3.4.2.jar;D:\Moven\apache-maven-3.9.9\repository\com\baomidou\mybatis-plus-annotation\3.4.2\mybatis-plus-annotation-3.4.2.jar;D:\Moven\apache-maven-3.9.9\repository\com\github\jsqlparser\jsqlparser\4.0\jsqlparser-4.0.jar;D:\Moven\apache-maven-3.9.9\repository\org\mybatis\mybatis\3.5.6\mybatis-3.5.6.jar;D:\Moven\apache-maven-3.9.9\repository\org\mybatis\mybatis-spring\2.0.5\mybatis-spring-2.0.5.jar;D:\Moven\apache-maven-3.9.9\repository\org\springframework\boot\spring-boot-starter-jdbc\2.3.4.RELEASE\spring-boot-starter-jdbc-2.3.4.RELEASE.jar;D:\Moven\apache-maven-3.9.9\repository\com\zaxxer\HikariCP\3.4.5\HikariCP-3.4.5.jar;D:\Moven\apache-maven-3.9.9\repository\org\springframework\spring-jdbc\5.2.9.RELEASE\spring-jdbc-5.2.9.RELEASE.jar;D:\Moven\apache-maven-3.9.9\repository\org\springframework\boot\spring-boot-starter-web\2.3.4.RELEASE\spring-boot-starter-web-2.3.4.RELEASE.jar;D:\Moven\apache-maven-3.9.9\repository\org\springframework\boot\spring-boot-starter-json\2.3.4.RELEASE\spring-boot-starter-json-2.3.4.RELEASE.jar;D:\Moven\apache-maven-3.9.9\repository\com\fasterxml\jackson\core\jackson-databind\2.11.2\jackson-databind-2.11.2.jar;D:\Moven\apache-maven-3.9.9\repository\com\fasterxml\jackson\core\jackson-annotations\2.11.2\jackson-annotations-2.11.2.jar;D:\Moven\apache-maven-3.9.9\repository\com\fasterxml\jackson\core\jackson-core\2.11.2\jackson-core-2.11.2.jar;D:\Moven\apache-maven-3.9.9\repository\com\fasterxml\jackson\datatype\jackson-datatype-jdk8\2.11.2\jackson-datatype-jdk8-2.11.2.jar;D:\Moven\apache-maven-3.9.9\repository\com\fasterxml\jackson\datatype\jackson-datatype-jsr310\2.11.2\jackson-datatype-jsr310-2.11.2.jar;D:\Moven\apache-maven-3.9.9\repository\com\fasterxml\jackson\module\jackson-module-parameter-names\2.11.2\jackson-module-parameter-names-2.11.2.jar;D:\Moven\apache-maven-3.9.9\repository\org\springframework\boot\spring-boot-starter-tomcat\2.3.4.RELEASE\spring-boot-starter-tomcat-2.3.4.RELEASE.jar;D:\Moven\apache-maven-3.9.9\repository\org\apache\tomcat\embed\tomcat-embed-core\9.0.38\tomcat-embed-core-9.0.38.jar;D:\Moven\apache-maven-3.9.9\repository\org\glassfish\jakarta.el\3.0.3\jakarta.el-3.0.3.jar;D:\Moven\apache-maven-3.9.9\repository\org\apache\tomcat\embed\tomcat-embed-websocket\9.0.38\tomcat-embed-websocket-9.0.38.jar;D:\Moven\apache-maven-3.9.9\repository\org\springframework\spring-web\5.2.9.RELEASE\spring-web-5.2.9.RELEASE.jar;D:\Moven\apache-maven-3.9.9\repository\org\springframework\spring-beans\5.2.9.RELEASE\spring-beans-5.2.9.RELEASE.jar;D:\Moven\apache-maven-3.9.9\repository\org\springframework\spring-webmvc\5.2.9.RELEASE\spring-webmvc-5.2.9.RELEASE.jar;D:\Moven\apache-maven-3.9.9\repository\org\springframework\spring-aop\5.2.9.RELEASE\spring-aop-5.2.9.RELEASE.jar;D:\Moven\apache-maven-3.9.9\repository\org\springframework\spring-expression\5.2.9.RELEASE\spring-expression-5.2.9.RELEASE.jar;D:\Moven\apache-maven-3.9.9\repository\org\springframework\boot\spring-boot-starter-log4j2\2.3.4.RELEASE\spring-boot-starter-log4j2-2.3.4.RELEASE.jar;D:\Moven\apache-maven-3.9.9\repository\org\apache\logging\log4j\log4j-slf4j-impl\2.13.3\log4j-slf4j-impl-2.13.3.jar;D:\Moven\apache-maven-3.9.9\repository\org\apache\logging\log4j\log4j-jul\2.13.3\log4j-jul-2.13.3.jar;D:\Moven\apache-maven-3.9.9\repository\org\slf4j\jul-to-slf4j\1.7.30\jul-to-slf4j-1.7.30.jar;D:\Moven\apache-maven-3.9.9\repository\org\springframework\boot\spring-boot-devtools\2.3.4.RELEASE\spring-boot-devtools-2.3.4.RELEASE.jar;D:\Moven\apache-maven-3.9.9\repository\org\ehcache\ehcache\3.8.1\ehcache-3.8.1.jar;D:\Moven\apache-maven-3.9.9\repository\org\glassfish\jaxb\jaxb-runtime\2.3.3\jaxb-runtime-2.3.3.jar;D:\Moven\apache-maven-3.9.9\repository\org\glassfish\jaxb\txw2\2.3.3\txw2-2.3.3.jar;D:\Moven\apache-maven-3.9.9\repository\com\sun\istack\istack-commons-runtime\3.0.11\istack-commons-runtime-3.0.11.jar;D:\Moven\apache-maven-3.9.9\repository\com\sun\activation\jakarta.activation\1.2.2\jakarta.activation-1.2.2.jar;D:\Moven\apache-maven-3.9.9\repository\org\springframework\boot\spring-boot-starter-data-redis\2.3.4.RELEASE\spring-boot-starter-data-redis-2.3.4.RELEASE.jar;D:\Moven\apache-maven-3.9.9\repository\org\springframework\data\spring-data-redis\2.3.4.RELEASE\spring-data-redis-2.3.4.RELEASE.jar;D:\Moven\apache-maven-3.9.9\repository\org\springframework\data\spring-data-keyvalue\2.3.4.RELEASE\spring-data-keyvalue-2.3.4.RELEASE.jar;D:\Moven\apache-maven-3.9.9\repository\org\springframework\data\spring-data-commons\2.3.4.RELEASE\spring-data-commons-2.3.4.RELEASE.jar;D:\Moven\apache-maven-3.9.9\repository\org\springframework\spring-tx\5.2.9.RELEASE\spring-tx-5.2.9.RELEASE.jar;D:\Moven\apache-maven-3.9.9\repository\org\springframework\spring-oxm\5.2.9.RELEASE\spring-oxm-5.2.9.RELEASE.jar;D:\Moven\apache-maven-3.9.9\repository\org\springframework\spring-context-support\5.2.9.RELEASE\spring-context-support-5.2.9.RELEASE.jar;D:\Moven\apache-maven-3.9.9\repository\io\lettuce\lettuce-core\5.3.4.RELEASE\lettuce-core-5.3.4.RELEASE.jar;D:\Moven\apache-maven-3.9.9\repository\io\netty\netty-common\4.1.52.Final\netty-common-4.1.52.Final.jar;D:\Moven\apache-maven-3.9.9\repository\io\netty\netty-handler\4.1.52.Final\netty-handler-4.1.52.Final.jar;D:\Moven\apache-maven-3.9.9\repository\io\netty\netty-resolver\4.1.52.Final\netty-resolver-4.1.52.Final.jar;D:\Moven\apache-maven-3.9.9\repository\io\netty\netty-buffer\4.1.52.Final\netty-buffer-4.1.52.Final.jar;D:\Moven\apache-maven-3.9.9\repository\io\netty\netty-codec\4.1.52.Final\netty-codec-4.1.52.Final.jar;D:\Moven\apache-maven-3.9.9\repository\io\netty\netty-transport\4.1.52.Final\netty-transport-4.1.52.Final.jar;D:\Moven\apache-maven-3.9.9\repository\io\projectreactor\reactor-core\3.3.10.RELEASE\reactor-core-3.3.10.RELEASE.jar;D:\Moven\apache-maven-3.9.9\repository\org\reactivestreams\reactive-streams\1.0.3\reactive-streams-1.0.3.jar;D:\Moven\apache-maven-3.9.9\repository\mysql\mysql-connector-java\8.0.17\mysql-connector-java-8.0.17.jar;D:\Moven\apache-maven-3.9.9\repository\com\alibaba\druid\1.2.1\druid-1.2.1.jar;D:\Moven\apache-maven-3.9.9\repository\javax\annotation\javax.annotation-api\1.3.2\javax.annotation-api-1.3.2.jar;D:\Moven\apache-maven-3.9.9\repository\org\slf4j\slf4j-api\1.7.30\slf4j-api-1.7.30.jar;D:\Moven\apache-maven-3.9.9\repository\org\apache\logging\log4j\log4j-core\2.13.3\log4j-core-2.13.3.jar;D:\Moven\apache-maven-3.9.9\repository\org\apache\logging\log4j\log4j-api\2.13.3\log4j-api-2.13.3.jar;D:\Moven\apache-maven-3.9.9\repository\com\alibaba\fastjson\1.2.72\fastjson-1.2.72.jar;"/>
    <property name="java.vm.vendor" value="Oracle Corporation"/>
    <property name="sun.arch.data.model" value="64"/>
    <property name="user.variant" value=""/>
    <property name="java.vendor.url" value="https://java.oracle.com/"/>
    <property name="user.timezone" value="Asia/Shanghai"/>
    <property name="os.name" value="Windows 11"/>
    <property name="java.vm.specification.version" value="21"/>
    <property name="sun.java.launcher" value="SUN_STANDARD"/>
    <property name="user.country" value="CN"/>
    <property name="sun.boot.library.path" value="D:\JD_21\bin"/>
    <property name="sun.java.command" value="C:\Users\86189\AppData\Local\Temp\surefire6902560500331251620\surefirebooter1703299009466000169.jar C:\Users\86189\AppData\Local\Temp\surefire6902560500331251620 2025-06-06T15-22-26_814-jvmRun1 surefire1899660132869161326tmp surefire_05424657281733282476tmp"/>
    <property name="jdk.debug" value="release"/>
    <property name="surefire.test.class.path" value="D:\Community_System\target\test-classes;D:\Community_System\target\classes;D:\Moven\apache-maven-3.9.9\repository\org\springframework\boot\spring-boot-starter\2.3.4.RELEASE\spring-boot-starter-2.3.4.RELEASE.jar;D:\Moven\apache-maven-3.9.9\repository\org\springframework\boot\spring-boot\2.3.4.RELEASE\spring-boot-2.3.4.RELEASE.jar;D:\Moven\apache-maven-3.9.9\repository\org\springframework\spring-context\5.2.9.RELEASE\spring-context-5.2.9.RELEASE.jar;D:\Moven\apache-maven-3.9.9\repository\org\springframework\boot\spring-boot-autoconfigure\2.3.4.RELEASE\spring-boot-autoconfigure-2.3.4.RELEASE.jar;D:\Moven\apache-maven-3.9.9\repository\jakarta\annotation\jakarta.annotation-api\1.3.5\jakarta.annotation-api-1.3.5.jar;D:\Moven\apache-maven-3.9.9\repository\org\springframework\spring-core\5.2.9.RELEASE\spring-core-5.2.9.RELEASE.jar;D:\Moven\apache-maven-3.9.9\repository\org\springframework\spring-jcl\5.2.9.RELEASE\spring-jcl-5.2.9.RELEASE.jar;D:\Moven\apache-maven-3.9.9\repository\org\yaml\snakeyaml\1.26\snakeyaml-1.26.jar;D:\Moven\apache-maven-3.9.9\repository\org\springframework\boot\spring-boot-starter-test\2.3.4.RELEASE\spring-boot-starter-test-2.3.4.RELEASE.jar;D:\Moven\apache-maven-3.9.9\repository\org\springframework\boot\spring-boot-test\2.3.4.RELEASE\spring-boot-test-2.3.4.RELEASE.jar;D:\Moven\apache-maven-3.9.9\repository\org\springframework\boot\spring-boot-test-autoconfigure\2.3.4.RELEASE\spring-boot-test-autoconfigure-2.3.4.RELEASE.jar;D:\Moven\apache-maven-3.9.9\repository\com\jayway\jsonpath\json-path\2.4.0\json-path-2.4.0.jar;D:\Moven\apache-maven-3.9.9\repository\net\minidev\json-smart\2.3\json-smart-2.3.jar;D:\Moven\apache-maven-3.9.9\repository\net\minidev\accessors-smart\1.2\accessors-smart-1.2.jar;D:\Moven\apache-maven-3.9.9\repository\org\ow2\asm\asm\5.0.4\asm-5.0.4.jar;D:\Moven\apache-maven-3.9.9\repository\jakarta\xml\bind\jakarta.xml.bind-api\2.3.3\jakarta.xml.bind-api-2.3.3.jar;D:\Moven\apache-maven-3.9.9\repository\jakarta\activation\jakarta.activation-api\1.2.2\jakarta.activation-api-1.2.2.jar;D:\Moven\apache-maven-3.9.9\repository\org\assertj\assertj-core\3.16.1\assertj-core-3.16.1.jar;D:\Moven\apache-maven-3.9.9\repository\org\hamcrest\hamcrest\2.2\hamcrest-2.2.jar;D:\Moven\apache-maven-3.9.9\repository\org\junit\jupiter\junit-jupiter\5.6.2\junit-jupiter-5.6.2.jar;D:\Moven\apache-maven-3.9.9\repository\org\junit\jupiter\junit-jupiter-api\5.6.2\junit-jupiter-api-5.6.2.jar;D:\Moven\apache-maven-3.9.9\repository\org\junit\jupiter\junit-jupiter-params\5.6.2\junit-jupiter-params-5.6.2.jar;D:\Moven\apache-maven-3.9.9\repository\org\junit\jupiter\junit-jupiter-engine\5.6.2\junit-jupiter-engine-5.6.2.jar;D:\Moven\apache-maven-3.9.9\repository\org\junit\vintage\junit-vintage-engine\5.6.2\junit-vintage-engine-5.6.2.jar;D:\Moven\apache-maven-3.9.9\repository\junit\junit\4.13\junit-4.13.jar;D:\Moven\apache-maven-3.9.9\repository\org\mockito\mockito-core\3.3.3\mockito-core-3.3.3.jar;D:\Moven\apache-maven-3.9.9\repository\net\bytebuddy\byte-buddy\1.10.14\byte-buddy-1.10.14.jar;D:\Moven\apache-maven-3.9.9\repository\net\bytebuddy\byte-buddy-agent\1.10.14\byte-buddy-agent-1.10.14.jar;D:\Moven\apache-maven-3.9.9\repository\org\objenesis\objenesis\2.6\objenesis-2.6.jar;D:\Moven\apache-maven-3.9.9\repository\org\mockito\mockito-junit-jupiter\3.3.3\mockito-junit-jupiter-3.3.3.jar;D:\Moven\apache-maven-3.9.9\repository\org\skyscreamer\jsonassert\1.5.0\jsonassert-1.5.0.jar;D:\Moven\apache-maven-3.9.9\repository\com\vaadin\external\google\android-json\0.0.20131108.vaadin1\android-json-0.0.20131108.vaadin1.jar;D:\Moven\apache-maven-3.9.9\repository\org\springframework\spring-test\5.2.9.RELEASE\spring-test-5.2.9.RELEASE.jar;D:\Moven\apache-maven-3.9.9\repository\org\xmlunit\xmlunit-core\2.7.0\xmlunit-core-2.7.0.jar;D:\Moven\apache-maven-3.9.9\repository\org\junit\platform\junit-platform-launcher\1.6.2\junit-platform-launcher-1.6.2.jar;D:\Moven\apache-maven-3.9.9\repository\org\apiguardian\apiguardian-api\1.1.0\apiguardian-api-1.1.0.jar;D:\Moven\apache-maven-3.9.9\repository\org\junit\platform\junit-platform-engine\1.6.2\junit-platform-engine-1.6.2.jar;D:\Moven\apache-maven-3.9.9\repository\org\opentest4j\opentest4j\1.2.0\opentest4j-1.2.0.jar;D:\Moven\apache-maven-3.9.9\repository\org\junit\platform\junit-platform-commons\1.6.2\junit-platform-commons-1.6.2.jar;D:\Moven\apache-maven-3.9.9\repository\com\baomidou\mybatis-plus-boot-starter\3.4.2\mybatis-plus-boot-starter-3.4.2.jar;D:\Moven\apache-maven-3.9.9\repository\com\baomidou\mybatis-plus\3.4.2\mybatis-plus-3.4.2.jar;D:\Moven\apache-maven-3.9.9\repository\com\baomidou\mybatis-plus-extension\3.4.2\mybatis-plus-extension-3.4.2.jar;D:\Moven\apache-maven-3.9.9\repository\com\baomidou\mybatis-plus-core\3.4.2\mybatis-plus-core-3.4.2.jar;D:\Moven\apache-maven-3.9.9\repository\com\baomidou\mybatis-plus-annotation\3.4.2\mybatis-plus-annotation-3.4.2.jar;D:\Moven\apache-maven-3.9.9\repository\com\github\jsqlparser\jsqlparser\4.0\jsqlparser-4.0.jar;D:\Moven\apache-maven-3.9.9\repository\org\mybatis\mybatis\3.5.6\mybatis-3.5.6.jar;D:\Moven\apache-maven-3.9.9\repository\org\mybatis\mybatis-spring\2.0.5\mybatis-spring-2.0.5.jar;D:\Moven\apache-maven-3.9.9\repository\org\springframework\boot\spring-boot-starter-jdbc\2.3.4.RELEASE\spring-boot-starter-jdbc-2.3.4.RELEASE.jar;D:\Moven\apache-maven-3.9.9\repository\com\zaxxer\HikariCP\3.4.5\HikariCP-3.4.5.jar;D:\Moven\apache-maven-3.9.9\repository\org\springframework\spring-jdbc\5.2.9.RELEASE\spring-jdbc-5.2.9.RELEASE.jar;D:\Moven\apache-maven-3.9.9\repository\org\springframework\boot\spring-boot-starter-web\2.3.4.RELEASE\spring-boot-starter-web-2.3.4.RELEASE.jar;D:\Moven\apache-maven-3.9.9\repository\org\springframework\boot\spring-boot-starter-json\2.3.4.RELEASE\spring-boot-starter-json-2.3.4.RELEASE.jar;D:\Moven\apache-maven-3.9.9\repository\com\fasterxml\jackson\core\jackson-databind\2.11.2\jackson-databind-2.11.2.jar;D:\Moven\apache-maven-3.9.9\repository\com\fasterxml\jackson\core\jackson-annotations\2.11.2\jackson-annotations-2.11.2.jar;D:\Moven\apache-maven-3.9.9\repository\com\fasterxml\jackson\core\jackson-core\2.11.2\jackson-core-2.11.2.jar;D:\Moven\apache-maven-3.9.9\repository\com\fasterxml\jackson\datatype\jackson-datatype-jdk8\2.11.2\jackson-datatype-jdk8-2.11.2.jar;D:\Moven\apache-maven-3.9.9\repository\com\fasterxml\jackson\datatype\jackson-datatype-jsr310\2.11.2\jackson-datatype-jsr310-2.11.2.jar;D:\Moven\apache-maven-3.9.9\repository\com\fasterxml\jackson\module\jackson-module-parameter-names\2.11.2\jackson-module-parameter-names-2.11.2.jar;D:\Moven\apache-maven-3.9.9\repository\org\springframework\boot\spring-boot-starter-tomcat\2.3.4.RELEASE\spring-boot-starter-tomcat-2.3.4.RELEASE.jar;D:\Moven\apache-maven-3.9.9\repository\org\apache\tomcat\embed\tomcat-embed-core\9.0.38\tomcat-embed-core-9.0.38.jar;D:\Moven\apache-maven-3.9.9\repository\org\glassfish\jakarta.el\3.0.3\jakarta.el-3.0.3.jar;D:\Moven\apache-maven-3.9.9\repository\org\apache\tomcat\embed\tomcat-embed-websocket\9.0.38\tomcat-embed-websocket-9.0.38.jar;D:\Moven\apache-maven-3.9.9\repository\org\springframework\spring-web\5.2.9.RELEASE\spring-web-5.2.9.RELEASE.jar;D:\Moven\apache-maven-3.9.9\repository\org\springframework\spring-beans\5.2.9.RELEASE\spring-beans-5.2.9.RELEASE.jar;D:\Moven\apache-maven-3.9.9\repository\org\springframework\spring-webmvc\5.2.9.RELEASE\spring-webmvc-5.2.9.RELEASE.jar;D:\Moven\apache-maven-3.9.9\repository\org\springframework\spring-aop\5.2.9.RELEASE\spring-aop-5.2.9.RELEASE.jar;D:\Moven\apache-maven-3.9.9\repository\org\springframework\spring-expression\5.2.9.RELEASE\spring-expression-5.2.9.RELEASE.jar;D:\Moven\apache-maven-3.9.9\repository\org\springframework\boot\spring-boot-starter-log4j2\2.3.4.RELEASE\spring-boot-starter-log4j2-2.3.4.RELEASE.jar;D:\Moven\apache-maven-3.9.9\repository\org\apache\logging\log4j\log4j-slf4j-impl\2.13.3\log4j-slf4j-impl-2.13.3.jar;D:\Moven\apache-maven-3.9.9\repository\org\apache\logging\log4j\log4j-jul\2.13.3\log4j-jul-2.13.3.jar;D:\Moven\apache-maven-3.9.9\repository\org\slf4j\jul-to-slf4j\1.7.30\jul-to-slf4j-1.7.30.jar;D:\Moven\apache-maven-3.9.9\repository\org\springframework\boot\spring-boot-devtools\2.3.4.RELEASE\spring-boot-devtools-2.3.4.RELEASE.jar;D:\Moven\apache-maven-3.9.9\repository\org\ehcache\ehcache\3.8.1\ehcache-3.8.1.jar;D:\Moven\apache-maven-3.9.9\repository\org\glassfish\jaxb\jaxb-runtime\2.3.3\jaxb-runtime-2.3.3.jar;D:\Moven\apache-maven-3.9.9\repository\org\glassfish\jaxb\txw2\2.3.3\txw2-2.3.3.jar;D:\Moven\apache-maven-3.9.9\repository\com\sun\istack\istack-commons-runtime\3.0.11\istack-commons-runtime-3.0.11.jar;D:\Moven\apache-maven-3.9.9\repository\com\sun\activation\jakarta.activation\1.2.2\jakarta.activation-1.2.2.jar;D:\Moven\apache-maven-3.9.9\repository\org\springframework\boot\spring-boot-starter-data-redis\2.3.4.RELEASE\spring-boot-starter-data-redis-2.3.4.RELEASE.jar;D:\Moven\apache-maven-3.9.9\repository\org\springframework\data\spring-data-redis\2.3.4.RELEASE\spring-data-redis-2.3.4.RELEASE.jar;D:\Moven\apache-maven-3.9.9\repository\org\springframework\data\spring-data-keyvalue\2.3.4.RELEASE\spring-data-keyvalue-2.3.4.RELEASE.jar;D:\Moven\apache-maven-3.9.9\repository\org\springframework\data\spring-data-commons\2.3.4.RELEASE\spring-data-commons-2.3.4.RELEASE.jar;D:\Moven\apache-maven-3.9.9\repository\org\springframework\spring-tx\5.2.9.RELEASE\spring-tx-5.2.9.RELEASE.jar;D:\Moven\apache-maven-3.9.9\repository\org\springframework\spring-oxm\5.2.9.RELEASE\spring-oxm-5.2.9.RELEASE.jar;D:\Moven\apache-maven-3.9.9\repository\org\springframework\spring-context-support\5.2.9.RELEASE\spring-context-support-5.2.9.RELEASE.jar;D:\Moven\apache-maven-3.9.9\repository\io\lettuce\lettuce-core\5.3.4.RELEASE\lettuce-core-5.3.4.RELEASE.jar;D:\Moven\apache-maven-3.9.9\repository\io\netty\netty-common\4.1.52.Final\netty-common-4.1.52.Final.jar;D:\Moven\apache-maven-3.9.9\repository\io\netty\netty-handler\4.1.52.Final\netty-handler-4.1.52.Final.jar;D:\Moven\apache-maven-3.9.9\repository\io\netty\netty-resolver\4.1.52.Final\netty-resolver-4.1.52.Final.jar;D:\Moven\apache-maven-3.9.9\repository\io\netty\netty-buffer\4.1.52.Final\netty-buffer-4.1.52.Final.jar;D:\Moven\apache-maven-3.9.9\repository\io\netty\netty-codec\4.1.52.Final\netty-codec-4.1.52.Final.jar;D:\Moven\apache-maven-3.9.9\repository\io\netty\netty-transport\4.1.52.Final\netty-transport-4.1.52.Final.jar;D:\Moven\apache-maven-3.9.9\repository\io\projectreactor\reactor-core\3.3.10.RELEASE\reactor-core-3.3.10.RELEASE.jar;D:\Moven\apache-maven-3.9.9\repository\org\reactivestreams\reactive-streams\1.0.3\reactive-streams-1.0.3.jar;D:\Moven\apache-maven-3.9.9\repository\mysql\mysql-connector-java\8.0.17\mysql-connector-java-8.0.17.jar;D:\Moven\apache-maven-3.9.9\repository\com\alibaba\druid\1.2.1\druid-1.2.1.jar;D:\Moven\apache-maven-3.9.9\repository\javax\annotation\javax.annotation-api\1.3.2\javax.annotation-api-1.3.2.jar;D:\Moven\apache-maven-3.9.9\repository\org\slf4j\slf4j-api\1.7.30\slf4j-api-1.7.30.jar;D:\Moven\apache-maven-3.9.9\repository\org\apache\logging\log4j\log4j-core\2.13.3\log4j-core-2.13.3.jar;D:\Moven\apache-maven-3.9.9\repository\org\apache\logging\log4j\log4j-api\2.13.3\log4j-api-2.13.3.jar;D:\Moven\apache-maven-3.9.9\repository\com\alibaba\fastjson\1.2.72\fastjson-1.2.72.jar;"/>
    <property name="sun.cpu.endian" value="little"/>
    <property name="user.home" value="C:\Users\86189"/>
    <property name="user.language" value="zh"/>
    <property name="java.specification.vendor" value="Oracle Corporation"/>
    <property name="java.version.date" value="2024-10-15"/>
    <property name="java.home" value="D:\JD_21"/>
    <property name="file.separator" value="\"/>
    <property name="basedir" value="D:\Community_System"/>
    <property name="java.vm.compressedOopsMode" value="Zero based"/>
    <property name="line.separator" value="&#10;"/>
    <property name="java.vm.specification.vendor" value="Oracle Corporation"/>
    <property name="java.specification.name" value="Java Platform API Specification"/>
    <property name="surefire.real.class.path" value="C:\Users\86189\AppData\Local\Temp\surefire6902560500331251620\surefirebooter1703299009466000169.jar"/>
    <property name="user.script" value=""/>
    <property name="sun.management.compiler" value="HotSpot 64-Bit Tiered Compilers"/>
    <property name="java.runtime.version" value="21.0.5+9-LTS-239"/>
    <property name="user.name" value="86189"/>
    <property name="stdout.encoding" value="GBK"/>
    <property name="path.separator" value=";"/>
    <property name="os.version" value="10.0"/>
    <property name="java.runtime.name" value="Java(TM) SE Runtime Environment"/>
    <property name="file.encoding" value="UTF-8"/>
    <property name="java.vm.name" value="Java HotSpot(TM) 64-Bit Server VM"/>
    <property name="localRepository" value="D:\Moven\apache-maven-3.9.9\repository"/>
    <property name="java.vendor.url.bug" value="https://bugreport.java.com/bugreport/"/>
    <property name="java.io.tmpdir" value="C:\Users\86189\AppData\Local\Temp\"/>
    <property name="java.version" value="21.0.5"/>
    <property name="user.dir" value="D:\Community_System"/>
    <property name="os.arch" value="amd64"/>
    <property name="java.vm.specification.name" value="Java Virtual Machine Specification"/>
    <property name="sun.os.patch.level" value=""/>
    <property name="native.encoding" value="GBK"/>
    <property name="java.library.path" value="D:\JD_21\bin;C:\WINDOWS\Sun\Java\bin;C:\WINDOWS\system32;C:\WINDOWS;C:\Program Files\Common Files\Hypertherm CAM;C:\Program Files\Common Files\Oracle\Java\javapath;C:\Windows\system32;C:\Windows;C:\Windows\System32\Wbem;C:\Windows\System32\WindowsPowerShell\v1.0\;C:\Windows\System32\OpenSSH\;C:\Program Files (x86)\NVIDIA Corporation\PhysX\Common;C:\Program Files\NVIDIA Corporation\NVIDIA NvDLISR;C:\WINDOWS\system32;C:\WINDOWS;C:\WINDOWS\System32\Wbem;C:\WINDOWS\System32\WindowsPowerShell\v1.0\;C:\WINDOWS\System32\OpenSSH\;D:\JD_21\bin;D:\Edge_Brower\mysql-8.4.0-winx64\bin;C:\mysql\mysql-8.4.0-winx64\bin;C:\Users\86189\.ohpm;D:\Git\Git\cmd;C:\Program Files (x86)\Windows Kits\10\Windows Performance Toolkit\;C:\Program Files\Java\jdk-23\bin;D:\msys64\mingw64\bin;D:\msys64\mingw64\lib;D:\msys64\mingw64\include;D:\msys64\usr\bin;D:\msys64\usr\lib;C:\Program Files\dotnet\;D:\Moven\apache-maven-3.9.9\bin;C:\Program Files\nodejs\;C:\ProgramData\chocolatey\bin;C:\Users\86189\AppData\Local\Programs\Python\Python313\Scripts\;C:\Users\86189\AppData\Local\Programs\Python\Python313\;D:\Scripts\;D:\;C:\Users\86189\AppData\Local\Microsoft\WindowsApps;D:\java程序语言设计\IntelliJ IDEA Community Edition 2023.2.1\bin;;D:\IntelliJ IDEA 2020.1\bin;;D:\Microsoft VS Code\bin;D:\pycharm\PyCharm 2023.2.5\bin;;D:\Latex\texlive\2024\bin\windows;%DevEco Studio%;D:\Community\PyCharm Community Edition 2024.3\bin;;D:\JD_21\bin;D:\OpenSSl\OpenSSL-Win64\bin;C:\Users\86189\AppData\Roaming\npm;."/>
    <property name="java.vm.info" value="mixed mode, sharing"/>
    <property name="stderr.encoding" value="GBK"/>
    <property name="java.vendor" value="Oracle Corporation"/>
    <property name="java.vm.version" value="21.0.5+9-LTS-239"/>
    <property name="sun.io.unicode.encoding" value="UnicodeLittle"/>
    <property name="java.class.version" value="65.0"/>
  </properties>
  <testcase name="testRedisTemplate" classname="self.cases.teams.RedisTest" time="0.392"/>
</testsuite>